  j1Player.cpp
c:\users\pauor\desktop\pohandout2\motor2d\p2SString.h(262): warning C4018: '<': signed/unsigned mismatch
c:\users\pauor\desktop\pohandout2\motor2d\Animation.h(55): warning C4244: 'return': conversion from 'float' to 'int', possible loss of data
j1Player.cpp(146): warning C4244: '-=': conversion from 'double' to 'float', possible loss of data
j1Player.cpp(147): warning C4244: '-=': conversion from 'double' to 'float', possible loss of data
j1Player.cpp(150): warning C4244: '+=': conversion from 'double' to 'float', possible loss of data
j1Player.cpp(151): warning C4244: '-=': conversion from 'double' to 'float', possible loss of data
j1Player.cpp(154): warning C4244: '+=': conversion from 'double' to 'float', possible loss of data
j1Player.cpp(155): warning C4244: '+=': conversion from 'double' to 'float', possible loss of data
j1Player.cpp(158): warning C4244: '-=': conversion from 'double' to 'float', possible loss of data
j1Player.cpp(159): warning C4244: '+=': conversion from 'double' to 'float', possible loss of data
j1Player.cpp(184): warning C4244: 'argument': conversion from 'float' to 'int', possible loss of data
j1Player.cpp(215): warning C4244: '=': conversion from 'int' to 'float', possible loss of data
j1Player.cpp(216): warning C4244: '=': conversion from 'int' to 'float', possible loss of data
     Creating library C:\Users\pauor\Desktop\POHandout2\Release\Development - Class 11 Handout.lib and object C:\Users\pauor\Desktop\POHandout2\Release\Development - Class 11 Handout.exp
  Generating code
  58 of 569 functions (10.2%) were compiled, the rest were copied from previous compilation.
    11 functions were new in current compilation
    45 functions had inline decision re-evaluated but remain unchanged
  Finished generating code
physfs.lib(physfs.obj) : warning LNK4049: locally defined symbol _sprintf imported
  Motor2D.vcxproj -> C:\Users\pauor\Desktop\POHandout2\Release\Development - Class 11 Handout.exe
  Motor2D.vcxproj -> C:\Users\pauor\Desktop\POHandout2\Release\Development - Class 11 Handout.pdb (Full PDB)
